mode: set
movies-xsis/controller/movieController.go:19.114,24.2 1 1
movies-xsis/controller/movieController.go:26.64,31.32 3 1
movies-xsis/controller/movieController.go:31.32,36.32 4 1
movies-xsis/controller/movieController.go:36.32,39.4 2 1
movies-xsis/controller/movieController.go:41.3,41.32 1 1
movies-xsis/controller/movieController.go:44.2,46.30 2 1
movies-xsis/controller/movieController.go:46.30,57.3 2 1
movies-xsis/controller/movieController.go:59.2,63.31 4 1
movies-xsis/controller/movieController.go:66.60,72.47 4 1
movies-xsis/controller/movieController.go:72.47,76.3 3 1
movies-xsis/controller/movieController.go:78.2,78.51 1 1
movies-xsis/controller/movieController.go:78.51,80.55 1 1
movies-xsis/controller/movieController.go:80.55,87.4 5 1
movies-xsis/controller/movieController.go:90.2,92.32 2 1
movies-xsis/controller/movieController.go:92.32,97.3 3 1
movies-xsis/controller/movieController.go:99.2,102.31 3 1
movies-xsis/controller/movieController.go:105.60,110.16 3 1
movies-xsis/controller/movieController.go:110.16,114.3 3 1
movies-xsis/controller/movieController.go:116.2,118.32 2 1
movies-xsis/controller/movieController.go:118.32,123.32 4 1
movies-xsis/controller/movieController.go:123.32,126.4 2 1
movies-xsis/controller/movieController.go:128.3,128.32 1 1
movies-xsis/controller/movieController.go:131.2,144.31 5 1
movies-xsis/controller/movieController.go:147.63,153.16 4 1
movies-xsis/controller/movieController.go:153.16,157.3 3 1
movies-xsis/controller/movieController.go:159.2,161.32 2 1
movies-xsis/controller/movieController.go:161.32,166.3 3 1
movies-xsis/controller/movieController.go:168.2,171.31 3 1
movies-xsis/controller/movieController.go:174.63,180.47 4 1
movies-xsis/controller/movieController.go:180.47,184.3 3 1
movies-xsis/controller/movieController.go:186.2,186.51 1 1
movies-xsis/controller/movieController.go:186.51,188.55 1 1
movies-xsis/controller/movieController.go:188.55,195.4 5 1
movies-xsis/controller/movieController.go:198.2,200.32 2 1
movies-xsis/controller/movieController.go:200.32,205.3 3 1
movies-xsis/controller/movieController.go:207.2,210.31 3 1
movies-xsis/repository/movieRepository.go:24.55,28.2 1 1
movies-xsis/repository/movieRepository.go:30.79,38.24 5 1
movies-xsis/repository/movieRepository.go:38.24,43.53 3 1
movies-xsis/repository/movieRepository.go:43.53,45.4 1 0
movies-xsis/repository/movieRepository.go:47.3,47.26 1 1
movies-xsis/repository/movieRepository.go:50.2,50.21 1 1
movies-xsis/repository/movieRepository.go:50.21,55.3 3 1
movies-xsis/repository/movieRepository.go:57.2,57.25 1 1
movies-xsis/repository/movieRepository.go:60.102,72.24 4 0
movies-xsis/repository/movieRepository.go:72.24,78.3 3 0
movies-xsis/repository/movieRepository.go:80.2,80.28 1 0
movies-xsis/repository/movieRepository.go:80.28,85.3 3 0
movies-xsis/repository/movieRepository.go:87.2,87.17 1 0
movies-xsis/repository/movieRepository.go:90.91,99.24 6 0
movies-xsis/repository/movieRepository.go:99.24,104.53 3 0
movies-xsis/repository/movieRepository.go:104.53,106.4 1 0
movies-xsis/repository/movieRepository.go:108.3,108.26 1 0
movies-xsis/repository/movieRepository.go:111.2,111.20 1 0
movies-xsis/repository/movieRepository.go:111.20,116.3 3 0
movies-xsis/repository/movieRepository.go:118.2,118.25 1 0
movies-xsis/repository/movieRepository.go:121.86,129.24 5 0
movies-xsis/repository/movieRepository.go:129.24,135.3 3 0
movies-xsis/repository/movieRepository.go:137.2,137.28 1 0
movies-xsis/repository/movieRepository.go:137.28,142.3 3 0
movies-xsis/repository/movieRepository.go:144.2,144.17 1 0
movies-xsis/repository/movieRepository.go:147.108,160.24 5 0
movies-xsis/repository/movieRepository.go:160.24,166.3 3 0
movies-xsis/repository/movieRepository.go:168.2,168.28 1 0
movies-xsis/repository/movieRepository.go:168.28,173.3 3 0
movies-xsis/repository/movieRepository.go:175.2,175.17 1 0
