mode: set
movies-xsis/controller/movieController.go:20.114,25.2 1 1
movies-xsis/controller/movieController.go:27.64,32.32 3 1
movies-xsis/controller/movieController.go:32.32,37.32 4 1
movies-xsis/controller/movieController.go:37.32,40.4 2 1
movies-xsis/controller/movieController.go:42.3,42.32 1 1
movies-xsis/controller/movieController.go:45.2,47.30 2 1
movies-xsis/controller/movieController.go:47.30,58.3 2 1
movies-xsis/controller/movieController.go:60.2,64.31 4 1
movies-xsis/controller/movieController.go:67.60,73.47 4 1
movies-xsis/controller/movieController.go:73.47,77.3 3 1
movies-xsis/controller/movieController.go:79.2,79.51 1 1
movies-xsis/controller/movieController.go:79.51,81.55 1 1
movies-xsis/controller/movieController.go:81.55,88.4 5 1
movies-xsis/controller/movieController.go:91.2,100.32 3 1
movies-xsis/controller/movieController.go:100.32,105.3 3 1
movies-xsis/controller/movieController.go:107.2,110.31 3 1
movies-xsis/controller/movieController.go:113.60,118.16 3 1
movies-xsis/controller/movieController.go:118.16,122.3 3 1
movies-xsis/controller/movieController.go:124.2,126.32 2 1
movies-xsis/controller/movieController.go:126.32,131.32 4 1
movies-xsis/controller/movieController.go:131.32,134.4 2 1
movies-xsis/controller/movieController.go:136.3,136.32 1 1
movies-xsis/controller/movieController.go:139.2,152.31 5 1
movies-xsis/controller/movieController.go:155.63,161.16 4 1
movies-xsis/controller/movieController.go:161.16,165.3 3 1
movies-xsis/controller/movieController.go:167.2,169.32 2 1
movies-xsis/controller/movieController.go:169.32,174.3 3 1
movies-xsis/controller/movieController.go:176.2,179.31 3 1
movies-xsis/controller/movieController.go:182.63,188.47 4 1
movies-xsis/controller/movieController.go:188.47,192.3 3 1
movies-xsis/controller/movieController.go:194.2,194.51 1 1
movies-xsis/controller/movieController.go:194.51,196.55 1 1
movies-xsis/controller/movieController.go:196.55,203.4 5 1
movies-xsis/controller/movieController.go:206.2,215.32 3 1
movies-xsis/controller/movieController.go:215.32,220.3 3 1
movies-xsis/controller/movieController.go:222.2,225.31 3 1
movies-xsis/repository/movieRepository.go:24.55,28.2 1 1
movies-xsis/repository/movieRepository.go:30.79,38.24 5 1
movies-xsis/repository/movieRepository.go:38.24,44.3 3 1
movies-xsis/repository/movieRepository.go:46.2,46.21 1 1
movies-xsis/repository/movieRepository.go:46.21,51.3 3 1
movies-xsis/repository/movieRepository.go:53.2,53.25 1 1
movies-xsis/repository/movieRepository.go:56.91,61.24 3 1
movies-xsis/repository/movieRepository.go:61.24,67.3 3 1
movies-xsis/repository/movieRepository.go:69.2,69.28 1 1
movies-xsis/repository/movieRepository.go:69.28,74.3 3 1
movies-xsis/repository/movieRepository.go:76.2,76.17 1 1
movies-xsis/repository/movieRepository.go:79.91,88.24 6 1
movies-xsis/repository/movieRepository.go:88.24,93.53 3 1
movies-xsis/repository/movieRepository.go:93.53,95.4 1 1
movies-xsis/repository/movieRepository.go:97.3,97.26 1 1
movies-xsis/repository/movieRepository.go:100.2,100.20 1 1
movies-xsis/repository/movieRepository.go:100.20,105.3 3 1
movies-xsis/repository/movieRepository.go:107.2,107.25 1 1
movies-xsis/repository/movieRepository.go:110.86,118.24 5 0
movies-xsis/repository/movieRepository.go:118.24,124.3 3 0
movies-xsis/repository/movieRepository.go:126.2,126.28 1 0
movies-xsis/repository/movieRepository.go:126.28,131.3 3 0
movies-xsis/repository/movieRepository.go:133.2,133.17 1 0
movies-xsis/repository/movieRepository.go:136.94,142.24 4 0
movies-xsis/repository/movieRepository.go:142.24,148.3 3 0
movies-xsis/repository/movieRepository.go:150.2,150.28 1 0
movies-xsis/repository/movieRepository.go:150.28,155.3 3 0
movies-xsis/repository/movieRepository.go:157.2,157.17 1 0
